<?xml version="1.0" encoding="UTF-8"?>
<testsuite xmlns:xsi="http://www.w3.org/2001/XMLSchema-instance" xsi:noNamespaceSchemaLocation="https://maven.apache.org/surefire/maven-surefire-plugin/xsd/surefire-test-report.xsd" version="3.0.2" name="com.backend.BackendApplicationTests" time="2.671" tests="12" errors="0" skipped="0" failures="0">
  <properties>
[...]
</properties>
  <testcase name="testGetSetNume" classname="com.backend.BackendApplicationTests" time="0.353">
    <system-out><![CDATA[08:20:51.850 [main] INFO org.springframework.test.context.support.AnnotationConfigContextLoaderUtils -- Could not detect default configuration classes for test class [com.backend.BackendApplicationTests]: BackendApplicationTests does not declare any static, non-private, non-final, nested classes annotated with @Configuration.
08:20:51.921 [main] INFO org.springframework.boot.test.context.SpringBootTestContextBootstrapper -- Found @SpringBootConfiguration com.backend.BackendApplication for test class com.backend.BackendApplicationTests
08:20:52.016 [main] INFO org.springframework.boot.devtools.restart.RestartApplicationListener -- Restart disabled due to context in which it is running

  .   ____          _            __ _ _
 /\\ / ___'_ __ _ _(_)_ __  __ _ \ \ \ \
( ( )\___ | '_ | '_| | '_ \/ _` | \ \ \ \
 \\/  ___)| |_)| | | | | || (_| |  ) ) ) )
  '  |____| .__|_| |_|_| |_\__, | / / / /
 =========|_|==============|___/=/_/_/_/

 :: Spring Boot ::                (v3.4.0)

2025-01-17T08:20:52.144+02:00  INFO 85208 --- [Backend] [           main] com.backend.BackendApplicationTests      : Starting BackendApplicationTests using Java 23.0.1 with PID 85208 (started by armandursei in /Users/armandursei/Desktop/Tema AWJ/Backend)
2025-01-17T08:20:52.145+02:00  INFO 85208 --- [Backend] [           main] com.backend.BackendApplicationTests      : No active profile set, falling back to 1 default profile: "default"
2025-01-17T08:20:52.472+02:00  INFO 85208 --- [Backend] [           main] .s.d.r.c.RepositoryConfigurationDelegate : Bootstrapping Spring Data JPA repositories in DEFAULT mode.
2025-01-17T08:20:52.494+02:00  INFO 85208 --- [Backend] [           main] .s.d.r.c.RepositoryConfigurationDelegate : Finished Spring Data repository scanning in 17 ms. Found 1 JPA repository interface.
2025-01-17T08:20:52.689+02:00  INFO 85208 --- [Backend] [           main] com.zaxxer.hikari.HikariDataSource       : HikariPool-1 - Starting...
2025-01-17T08:20:52.795+02:00  INFO 85208 --- [Backend] [           main] com.zaxxer.hikari.pool.HikariPool        : HikariPool-1 - Added connection com.mysql.cj.jdbc.ConnectionImpl@27960b1e
2025-01-17T08:20:52.796+02:00  INFO 85208 --- [Backend] [           main] com.zaxxer.hikari.HikariDataSource       : HikariPool-1 - Start completed.
2025-01-17T08:20:52.860+02:00  INFO 85208 --- [Backend] [           main] o.hibernate.jpa.internal.util.LogHelper  : HHH000204: Processing PersistenceUnitInfo [name: default]
2025-01-17T08:20:52.890+02:00  INFO 85208 --- [Backend] [           main] org.hibernate.Version                    : HHH000412: Hibernate ORM core version 6.6.2.Final
2025-01-17T08:20:52.907+02:00  INFO 85208 --- [Backend] [           main] o.h.c.internal.RegionFactoryInitiator    : HHH000026: Second-level cache disabled
2025-01-17T08:20:53.033+02:00  INFO 85208 --- [Backend] [           main] o.s.o.j.p.SpringPersistenceUnitInfo      : No LoadTimeWeaver setup: ignoring JPA class transformer
2025-01-17T08:20:53.083+02:00  INFO 85208 --- [Backend] [           main] org.hibernate.orm.connections.pooling    : HHH10001005: Database info:
	Database JDBC URL [Connecting through datasource 'HikariDataSource (HikariPool-1)']
	Database driver: undefined/unknown
	Database version: 9.0.1
	Autocommit mode: undefined/unknown
	Isolation level: undefined/unknown
	Minimum pool size: undefined/unknown
	Maximum pool size: undefined/unknown
2025-01-17T08:20:53.556+02:00  INFO 85208 --- [Backend] [           main] o.h.e.t.j.p.i.JtaPlatformInitiator       : HHH000489: No JTA platform available (set 'hibernate.transaction.jta.platform' to enable JTA platform integration)
2025-01-17T08:20:53.581+02:00  INFO 85208 --- [Backend] [           main] j.LocalContainerEntityManagerFactoryBean : Initialized JPA EntityManagerFactory for persistence unit 'default'
2025-01-17T08:20:53.781+02:00  WARN 85208 --- [Backend] [           main] JpaBaseConfiguration$JpaWebConfiguration : spring.jpa.open-in-view is enabled by default. Therefore, database queries may be performed during view rendering. Explicitly configure spring.jpa.open-in-view to disable this warning
2025-01-17T08:20:53.791+02:00  INFO 85208 --- [Backend] [           main] o.s.b.a.w.s.WelcomePageHandlerMapping    : Adding welcome page template: index
2025-01-17T08:20:53.981+02:00  INFO 85208 --- [Backend] [           main] com.backend.BackendApplicationTests      : Started BackendApplicationTests in 1.97 seconds (process running for 2.522)
]]></system-out>
    <system-err><![CDATA[ian. 17, 2025 8:20:51 A.M. org.junit.platform.launcher.core.LauncherConfigurationParameters loadClasspathResource
WARNING: Discovered 3 'junit-platform.properties' configuration files on the classpath (see below); only the first (*) will be used.
- jar:file:/Users/armandursei/.m2/repository/org/apache/kafka/kafka-clients/3.8.1/kafka-clients-3.8.1-test.jar!/junit-platform.properties (*)
- jar:file:/Users/armandursei/.m2/repository/org/apache/kafka/kafka-server-common/3.8.1/kafka-server-common-3.8.1-test.jar!/junit-platform.properties
- jar:file:/Users/armandursei/.m2/repository/org/apache/kafka/kafka_2.13/3.8.1/kafka_2.13-3.8.1-test.jar!/junit-platform.properties
ian. 17, 2025 8:20:51 A.M. org.junit.platform.launcher.core.LauncherConfigurationParameters loadClasspathResource
WARNING: Discovered 3 'junit-platform.properties' configuration files on the classpath (see below); only the first (*) will be used.
- jar:file:/Users/armandursei/.m2/repository/org/apache/kafka/kafka-clients/3.8.1/kafka-clients-3.8.1-test.jar!/junit-platform.properties (*)
- jar:file:/Users/armandursei/.m2/repository/org/apache/kafka/kafka-server-common/3.8.1/kafka-server-common-3.8.1-test.jar!/junit-platform.properties
- jar:file:/Users/armandursei/.m2/repository/org/apache/kafka/kafka_2.13/3.8.1/kafka_2.13-3.8.1-test.jar!/junit-platform.properties
ian. 17, 2025 8:20:51 A.M. org.junit.platform.launcher.core.LauncherConfigurationParameters loadClasspathResource
WARNING: Discovered 3 'junit-platform.properties' configuration files on the classpath (see below); only the first (*) will be used.
- jar:file:/Users/armandursei/.m2/repository/org/apache/kafka/kafka-clients/3.8.1/kafka-clients-3.8.1-test.jar!/junit-platform.properties (*)
- jar:file:/Users/armandursei/.m2/repository/org/apache/kafka/kafka-server-common/3.8.1/kafka-server-common-3.8.1-test.jar!/junit-platform.properties
- jar:file:/Users/armandursei/.m2/repository/org/apache/kafka/kafka_2.13/3.8.1/kafka_2.13-3.8.1-test.jar!/junit-platform.properties
Mockito is currently self-attaching to enable the inline-mock-maker. This will no longer work in future releases of the JDK. Please add Mockito as an agent to your build what is described in Mockito's documentation: https://javadoc.io/doc/org.mockito/mockito-core/latest/org/mockito/Mockito.html#0.3
WARNING: A Java agent has been loaded dynamically (/Users/armandursei/.m2/repository/net/bytebuddy/byte-buddy-agent/1.15.10/byte-buddy-agent-1.15.10.jar)
WARNING: If a serviceability tool is in use, please run with -XX:+EnableDynamicAgentLoading to hide this warning
WARNING: If a serviceability tool is not in use, please run with -Djdk.instrument.traceUsage for more information
WARNING: Dynamic loading of agents will be disallowed by default in a future release
]]></system-err>
  </testcase>
  <testcase name="testGetSetOraInceput" classname="com.backend.BackendApplicationTests" time="0.002"/>
  <testcase name="testSaveActivitate" classname="com.backend.BackendApplicationTests" time="0.079">
    <system-out><![CDATA[Hibernate: 
    /* insert for
        com.backend.entity.Activitati */insert 
    into
        activitati (de_facut, descriere, durata, nume, ora_inceput, progres, status) 
    values
        (?, ?, ?, ?, ?, ?, ?)
Hibernate: 
    /* <criteria> */ select
        a1_0.id_activitati,
        a1_0.de_facut,
        a1_0.descriere,
        a1_0.durata,
        a1_0.nume,
        a1_0.ora_inceput,
        a1_0.progres,
        a1_0.status 
    from
        activitati a1_0
]]></system-out>
  </testcase>
  <testcase name="testEqualsMethod" classname="com.backend.BackendApplicationTests" time="0.002"/>
  <testcase name="testGetSetProgres" classname="com.backend.BackendApplicationTests" time="0.001"/>
  <testcase name="testGetSetDescriere" classname="com.backend.BackendApplicationTests" time="0.002"/>
  <testcase name="testFindByNumeContaining" classname="com.backend.BackendApplicationTests" time="0.038">
    <system-out><![CDATA[Hibernate: 
    /* insert for
        com.backend.entity.Activitati */insert 
    into
        activitati (de_facut, descriere, durata, nume, ora_inceput, progres, status) 
    values
        (?, ?, ?, ?, ?, ?, ?)
Hibernate: 
    /* <criteria> */ select
        a1_0.id_activitati,
        a1_0.de_facut,
        a1_0.descriere,
        a1_0.durata,
        a1_0.nume,
        a1_0.ora_inceput,
        a1_0.progres,
        a1_0.status 
    from
        activitati a1_0 
    where
        a1_0.nume like ? escape '\\' 
        or a1_0.descriere like ? escape '\\'
]]></system-out>
  </testcase>
  <testcase name="contextLoads" classname="com.backend.BackendApplicationTests" time="0.001"/>
  <testcase name="testGetSetDurata" classname="com.backend.BackendApplicationTests" time="0.001"/>
  <testcase name="testGetSetIdActivitati" classname="com.backend.BackendApplicationTests" time="0.002"/>
  <testcase name="testGetSetStatus" classname="com.backend.BackendApplicationTests" time="0.001"/>
  <testcase name="testGetSetDeFacut" classname="com.backend.BackendApplicationTests" time="0.001"/>
</testsuite>